<?xml version="1.0" encoding="UTF-8"?>
<testsuite xmlns:xsi="http://www.w3.org/2001/XMLSchema-instance" xsi:noNamespaceSchemaLocation="https://maven.apache.org/surefire/maven-surefire-plugin/xsd/surefire-test-report.xsd" name="com.service.BackwardServiceApplicationTests" time="7.558" tests="1" errors="0" skipped="0" failures="0">
  <properties>
    <property name="gopherProxySet" value="false"/>
    <property name="awt.toolkit" value="sun.lwawt.macosx.LWCToolkit"/>
    <property name="java.specification.version" value="11"/>
    <property name="sun.cpu.isalist" value=""/>
    <property name="sun.jnu.encoding" value="UTF-8"/>
    <property name="java.class.path" value="/Users/dusanpejanovic/Documents/GitHub/FootballTacticsRulesBasedExpert/football-tactics/football-tactics-service/target/test-classes:/Users/dusanpejanovic/Documents/GitHub/FootballTacticsRulesBasedExpert/football-tactics/football-tactics-service/target/classes:/Users/dusanpejanovic/.m2/repository/org/springframework/boot/spring-boot-starter-web/2.7.9/spring-boot-starter-web-2.7.9.jar:/Users/dusanpejanovic/.m2/repository/org/springframework/boot/spring-boot-starter/2.7.9/spring-boot-starter-2.7.9.jar:/Users/dusanpejanovic/.m2/repository/org/springframework/boot/spring-boot/2.7.9/spring-boot-2.7.9.jar:/Users/dusanpejanovic/.m2/repository/org/springframework/boot/spring-boot-autoconfigure/2.7.9/spring-boot-autoconfigure-2.7.9.jar:/Users/dusanpejanovic/.m2/repository/org/springframework/boot/spring-boot-starter-logging/2.7.9/spring-boot-starter-logging-2.7.9.jar:/Users/dusanpejanovic/.m2/repository/ch/qos/logback/logback-classic/1.2.11/logback-classic-1.2.11.jar:/Users/dusanpejanovic/.m2/repository/ch/qos/logback/logback-core/1.2.11/logback-core-1.2.11.jar:/Users/dusanpejanovic/.m2/repository/org/apache/logging/log4j/log4j-to-slf4j/2.17.2/log4j-to-slf4j-2.17.2.jar:/Users/dusanpejanovic/.m2/repository/org/apache/logging/log4j/log4j-api/2.17.2/log4j-api-2.17.2.jar:/Users/dusanpejanovic/.m2/repository/org/slf4j/jul-to-slf4j/1.7.36/jul-to-slf4j-1.7.36.jar:/Users/dusanpejanovic/.m2/repository/jakarta/annotation/jakarta.annotation-api/1.3.5/jakarta.annotation-api-1.3.5.jar:/Users/dusanpejanovic/.m2/repository/org/yaml/snakeyaml/1.30/snakeyaml-1.30.jar:/Users/dusanpejanovic/.m2/repository/org/springframework/boot/spring-boot-starter-json/2.7.9/spring-boot-starter-json-2.7.9.jar:/Users/dusanpejanovic/.m2/repository/com/fasterxml/jackson/core/jackson-databind/2.13.5/jackson-databind-2.13.5.jar:/Users/dusanpejanovic/.m2/repository/com/fasterxml/jackson/core/jackson-annotations/2.13.5/jackson-annotations-2.13.5.jar:/Users/dusanpejanovic/.m2/repository/com/fasterxml/jackson/core/jackson-core/2.13.5/jackson-core-2.13.5.jar:/Users/dusanpejanovic/.m2/repository/com/fasterxml/jackson/datatype/jackson-datatype-jdk8/2.13.5/jackson-datatype-jdk8-2.13.5.jar:/Users/dusanpejanovic/.m2/repository/com/fasterxml/jackson/datatype/jackson-datatype-jsr310/2.13.5/jackson-datatype-jsr310-2.13.5.jar:/Users/dusanpejanovic/.m2/repository/com/fasterxml/jackson/module/jackson-module-parameter-names/2.13.5/jackson-module-parameter-names-2.13.5.jar:/Users/dusanpejanovic/.m2/repository/org/springframework/boot/spring-boot-starter-tomcat/2.7.9/spring-boot-starter-tomcat-2.7.9.jar:/Users/dusanpejanovic/.m2/repository/org/apache/tomcat/embed/tomcat-embed-core/9.0.71/tomcat-embed-core-9.0.71.jar:/Users/dusanpejanovic/.m2/repository/org/apache/tomcat/embed/tomcat-embed-el/9.0.71/tomcat-embed-el-9.0.71.jar:/Users/dusanpejanovic/.m2/repository/org/apache/tomcat/embed/tomcat-embed-websocket/9.0.71/tomcat-embed-websocket-9.0.71.jar:/Users/dusanpejanovic/.m2/repository/org/springframework/spring-web/5.3.25/spring-web-5.3.25.jar:/Users/dusanpejanovic/.m2/repository/org/springframework/spring-beans/5.3.25/spring-beans-5.3.25.jar:/Users/dusanpejanovic/.m2/repository/org/springframework/spring-webmvc/5.3.25/spring-webmvc-5.3.25.jar:/Users/dusanpejanovic/.m2/repository/org/springframework/spring-aop/5.3.25/spring-aop-5.3.25.jar:/Users/dusanpejanovic/.m2/repository/org/springframework/spring-context/5.3.25/spring-context-5.3.25.jar:/Users/dusanpejanovic/.m2/repository/org/springframework/spring-expression/5.3.25/spring-expression-5.3.25.jar:/Users/dusanpejanovic/.m2/repository/org/springframework/boot/spring-boot-starter-test/2.7.9/spring-boot-starter-test-2.7.9.jar:/Users/dusanpejanovic/.m2/repository/org/springframework/boot/spring-boot-test/2.7.9/spring-boot-test-2.7.9.jar:/Users/dusanpejanovic/.m2/repository/org/springframework/boot/spring-boot-test-autoconfigure/2.7.9/spring-boot-test-autoconfigure-2.7.9.jar:/Users/dusanpejanovic/.m2/repository/com/jayway/jsonpath/json-path/2.7.0/json-path-2.7.0.jar:/Users/dusanpejanovic/.m2/repository/net/minidev/json-smart/2.4.8/json-smart-2.4.8.jar:/Users/dusanpejanovic/.m2/repository/net/minidev/accessors-smart/2.4.8/accessors-smart-2.4.8.jar:/Users/dusanpejanovic/.m2/repository/org/ow2/asm/asm/9.1/asm-9.1.jar:/Users/dusanpejanovic/.m2/repository/org/slf4j/slf4j-api/1.7.36/slf4j-api-1.7.36.jar:/Users/dusanpejanovic/.m2/repository/jakarta/xml/bind/jakarta.xml.bind-api/2.3.3/jakarta.xml.bind-api-2.3.3.jar:/Users/dusanpejanovic/.m2/repository/jakarta/activation/jakarta.activation-api/1.2.2/jakarta.activation-api-1.2.2.jar:/Users/dusanpejanovic/.m2/repository/org/assertj/assertj-core/3.22.0/assertj-core-3.22.0.jar:/Users/dusanpejanovic/.m2/repository/org/hamcrest/hamcrest/2.2/hamcrest-2.2.jar:/Users/dusanpejanovic/.m2/repository/org/junit/jupiter/junit-jupiter/5.8.2/junit-jupiter-5.8.2.jar:/Users/dusanpejanovic/.m2/repository/org/junit/jupiter/junit-jupiter-api/5.8.2/junit-jupiter-api-5.8.2.jar:/Users/dusanpejanovic/.m2/repository/org/opentest4j/opentest4j/1.2.0/opentest4j-1.2.0.jar:/Users/dusanpejanovic/.m2/repository/org/junit/platform/junit-platform-commons/1.8.2/junit-platform-commons-1.8.2.jar:/Users/dusanpejanovic/.m2/repository/org/apiguardian/apiguardian-api/1.1.2/apiguardian-api-1.1.2.jar:/Users/dusanpejanovic/.m2/repository/org/junit/jupiter/junit-jupiter-params/5.8.2/junit-jupiter-params-5.8.2.jar:/Users/dusanpejanovic/.m2/repository/org/junit/jupiter/junit-jupiter-engine/5.8.2/junit-jupiter-engine-5.8.2.jar:/Users/dusanpejanovic/.m2/repository/org/junit/platform/junit-platform-engine/1.8.2/junit-platform-engine-1.8.2.jar:/Users/dusanpejanovic/.m2/repository/org/mockito/mockito-core/4.5.1/mockito-core-4.5.1.jar:/Users/dusanpejanovic/.m2/repository/net/bytebuddy/byte-buddy/1.12.23/byte-buddy-1.12.23.jar:/Users/dusanpejanovic/.m2/repository/net/bytebuddy/byte-buddy-agent/1.12.23/byte-buddy-agent-1.12.23.jar:/Users/dusanpejanovic/.m2/repository/org/objenesis/objenesis/3.2/objenesis-3.2.jar:/Users/dusanpejanovic/.m2/repository/org/mockito/mockito-junit-jupiter/4.5.1/mockito-junit-jupiter-4.5.1.jar:/Users/dusanpejanovic/.m2/repository/org/skyscreamer/jsonassert/1.5.1/jsonassert-1.5.1.jar:/Users/dusanpejanovic/.m2/repository/com/vaadin/external/google/android-json/0.0.20131108.vaadin1/android-json-0.0.20131108.vaadin1.jar:/Users/dusanpejanovic/.m2/repository/org/springframework/spring-core/5.3.25/spring-core-5.3.25.jar:/Users/dusanpejanovic/.m2/repository/org/springframework/spring-jcl/5.3.25/spring-jcl-5.3.25.jar:/Users/dusanpejanovic/.m2/repository/org/springframework/spring-test/5.3.25/spring-test-5.3.25.jar:/Users/dusanpejanovic/.m2/repository/org/xmlunit/xmlunit-core/2.9.1/xmlunit-core-2.9.1.jar:/Users/dusanpejanovic/.m2/repository/org/springframework/boot/spring-boot-starter-actuator/2.7.9/spring-boot-starter-actuator-2.7.9.jar:/Users/dusanpejanovic/.m2/repository/org/springframework/boot/spring-boot-actuator-autoconfigure/2.7.9/spring-boot-actuator-autoconfigure-2.7.9.jar:/Users/dusanpejanovic/.m2/repository/org/springframework/boot/spring-boot-actuator/2.7.9/spring-boot-actuator-2.7.9.jar:/Users/dusanpejanovic/.m2/repository/io/micrometer/micrometer-core/1.9.8/micrometer-core-1.9.8.jar:/Users/dusanpejanovic/.m2/repository/org/hdrhistogram/HdrHistogram/2.1.12/HdrHistogram-2.1.12.jar:/Users/dusanpejanovic/.m2/repository/org/latencyutils/LatencyUtils/2.0.3/LatencyUtils-2.0.3.jar:/Users/dusanpejanovic/.m2/repository/com/ftn/sbnz/football-tactics-model/0.0.1-SNAPSHOT/football-tactics-model-0.0.1-SNAPSHOT.jar:/Users/dusanpejanovic/.m2/repository/org/kie/kie-api/7.49.0.Final/kie-api-7.49.0.Final.jar:/Users/dusanpejanovic/.m2/repository/org/kie/soup/kie-soup-maven-support/7.49.0.Final/kie-soup-maven-support-7.49.0.Final.jar:/Users/dusanpejanovic/.m2/repository/org/drools/drools-core/7.49.0.Final/drools-core-7.49.0.Final.jar:/Users/dusanpejanovic/.m2/repository/org/kie/kie-internal/7.49.0.Final/kie-internal-7.49.0.Final.jar:/Users/dusanpejanovic/.m2/repository/org/kie/soup/kie-soup-xstream/7.49.0.Final/kie-soup-xstream-7.49.0.Final.jar:/Users/dusanpejanovic/.m2/repository/org/drools/drools-core-reflective/7.49.0.Final/drools-core-reflective-7.49.0.Final.jar:/Users/dusanpejanovic/.m2/repository/org/drools/drools-core-dynamic/7.49.0.Final/drools-core-dynamic-7.49.0.Final.jar:/Users/dusanpejanovic/.m2/repository/commons-codec/commons-codec/1.15/commons-codec-1.15.jar:/Users/dusanpejanovic/.m2/repository/org/drools/drools-compiler/7.49.0.Final/drools-compiler-7.49.0.Final.jar:/Users/dusanpejanovic/.m2/repository/org/kie/kie-memory-compiler/7.49.0.Final/kie-memory-compiler-7.49.0.Final.jar:/Users/dusanpejanovic/.m2/repository/org/drools/drools-ecj/7.49.0.Final/drools-ecj-7.49.0.Final.jar:/Users/dusanpejanovic/.m2/repository/org/antlr/antlr-runtime/3.5.2/antlr-runtime-3.5.2.jar:/Users/dusanpejanovic/.m2/repository/com/thoughtworks/xstream/xstream/1.4.15/xstream-1.4.15.jar:/Users/dusanpejanovic/.m2/repository/xmlpull/xmlpull/1.1.3.1/xmlpull-1.1.3.1.jar:/Users/dusanpejanovic/.m2/repository/xpp3/xpp3_min/1.1.4c/xpp3_min-1.1.4c.jar:/Users/dusanpejanovic/.m2/repository/org/drools/drools-templates/7.49.0.Final/drools-templates-7.49.0.Final.jar:/Users/dusanpejanovic/.m2/repository/org/drools/drools-mvel/7.49.0.Final/drools-mvel-7.49.0.Final.jar:/Users/dusanpejanovic/.m2/repository/org/kie/soup/kie-soup-project-datamodel-commons/7.49.0.Final/kie-soup-project-datamodel-commons-7.49.0.Final.jar:/Users/dusanpejanovic/.m2/repository/org/kie/soup/kie-soup-commons/7.49.0.Final/kie-soup-commons-7.49.0.Final.jar:/Users/dusanpejanovic/.m2/repository/org/kie/soup/kie-soup-project-datamodel-api/7.49.0.Final/kie-soup-project-datamodel-api-7.49.0.Final.jar:/Users/dusanpejanovic/.m2/repository/org/mvel/mvel2/2.4.12.Final/mvel2-2.4.12.Final.jar:/Users/dusanpejanovic/.m2/repository/com/ftn/sbnz/football-tactics-kjar/0.0.1-SNAPSHOT/football-tactics-kjar-0.0.1-SNAPSHOT.jar:/Users/dusanpejanovic/.m2/repository/org/kie/kie-ci/7.49.0.Final/kie-ci-7.49.0.Final.jar:/Users/dusanpejanovic/.m2/repository/org/drools/drools-serialization-protobuf/7.49.0.Final/drools-serialization-protobuf-7.49.0.Final.jar:/Users/dusanpejanovic/.m2/repository/com/google/protobuf/protobuf-java/3.6.1/protobuf-java-3.6.1.jar:/Users/dusanpejanovic/.m2/repository/org/kie/soup/kie-soup-maven-integration/7.49.0.Final/kie-soup-maven-integration-7.49.0.Final.jar:/Users/dusanpejanovic/.m2/repository/org/apache/maven/maven-artifact/3.3.9/maven-artifact-3.3.9.jar:/Users/dusanpejanovic/.m2/repository/org/apache/maven/maven-plugin-api/3.3.9/maven-plugin-api-3.3.9.jar:/Users/dusanpejanovic/.m2/repository/org/eclipse/aether/aether-util/1.1.0/aether-util-1.1.0.jar:/Users/dusanpejanovic/.m2/repository/org/eclipse/aether/aether-spi/1.1.0/aether-spi-1.1.0.jar:/Users/dusanpejanovic/.m2/repository/org/eclipse/aether/aether-transport-file/1.1.0/aether-transport-file-1.1.0.jar:/Users/dusanpejanovic/.m2/repository/org/eclipse/aether/aether-transport-http/1.1.0/aether-transport-http-1.1.0.jar:/Users/dusanpejanovic/.m2/repository/org/apache/ant/ant/1.9.15/ant-1.9.15.jar:/Users/dusanpejanovic/.m2/repository/org/apache/ant/ant-launcher/1.9.15/ant-launcher-1.9.15.jar:/Users/dusanpejanovic/.m2/repository/org/apache/httpcomponents/httpcore/4.4.16/httpcore-4.4.16.jar:/Users/dusanpejanovic/.m2/repository/com/google/inject/guice/4.0/guice-4.0-no_aop.jar:/Users/dusanpejanovic/.m2/repository/javax/inject/javax.inject/1/javax.inject-1.jar:/Users/dusanpejanovic/.m2/repository/aopalliance/aopalliance/1.0/aopalliance-1.0.jar:/Users/dusanpejanovic/.m2/repository/org/apache/maven/maven-core/3.3.9/maven-core-3.3.9.jar:/Users/dusanpejanovic/.m2/repository/org/apache/maven/maven-repository-metadata/3.3.9/maven-repository-metadata-3.3.9.jar:/Users/dusanpejanovic/.m2/repository/org/codehaus/plexus/plexus-interpolation/1.21/plexus-interpolation-1.21.jar:/Users/dusanpejanovic/.m2/repository/org/codehaus/plexus/plexus-component-annotations/1.6/plexus-component-annotations-1.6.jar:/Users/dusanpejanovic/.m2/repository/org/apache/commons/commons-lang3/3.12.0/commons-lang3-3.12.0.jar:/Users/dusanpejanovic/.m2/repository/org/apache/maven/maven-model/3.3.9/maven-model-3.3.9.jar:/Users/dusanpejanovic/.m2/repository/org/apache/maven/maven-model-builder/3.3.9/maven-model-builder-3.3.9.jar:/Users/dusanpejanovic/.m2/repository/org/apache/maven/maven-builder-support/3.3.9/maven-builder-support-3.3.9.jar:/Users/dusanpejanovic/.m2/repository/com/google/guava/guava/18.0/guava-18.0.jar:/Users/dusanpejanovic/.m2/repository/org/apache/maven/maven-settings/3.3.9/maven-settings-3.3.9.jar:/Users/dusanpejanovic/.m2/repository/org/apache/maven/maven-settings-builder/3.3.9/maven-settings-builder-3.3.9.jar:/Users/dusanpejanovic/.m2/repository/org/apache/maven/maven-compat/3.3.9/maven-compat-3.3.9.jar:/Users/dusanpejanovic/.m2/repository/org/apache/maven/maven-aether-provider/3.3.9/maven-aether-provider-3.3.9.jar:/Users/dusanpejanovic/.m2/repository/org/apache/maven/wagon/wagon-provider-api/3.0.0/wagon-provider-api-3.0.0.jar:/Users/dusanpejanovic/.m2/repository/org/sonatype/plexus/plexus-sec-dispatcher/1.3/plexus-sec-dispatcher-1.3.jar:/Users/dusanpejanovic/.m2/repository/org/codehaus/plexus/plexus-classworlds/2.5.2/plexus-classworlds-2.5.2.jar:/Users/dusanpejanovic/.m2/repository/org/codehaus/plexus/plexus-utils/3.0.22/plexus-utils-3.0.22.jar:/Users/dusanpejanovic/.m2/repository/org/eclipse/aether/aether-api/1.1.0/aether-api-1.1.0.jar:/Users/dusanpejanovic/.m2/repository/org/eclipse/aether/aether-impl/1.1.0/aether-impl-1.1.0.jar:/Users/dusanpejanovic/.m2/repository/org/eclipse/aether/aether-connector-basic/1.1.0/aether-connector-basic-1.1.0.jar:/Users/dusanpejanovic/.m2/repository/org/eclipse/aether/aether-transport-wagon/1.1.0/aether-transport-wagon-1.1.0.jar:/Users/dusanpejanovic/.m2/repository/org/eclipse/sisu/org.eclipse.sisu.plexus/0.3.2/org.eclipse.sisu.plexus-0.3.2.jar:/Users/dusanpejanovic/.m2/repository/javax/enterprise/cdi-api/1.0/cdi-api-1.0.jar:/Users/dusanpejanovic/.m2/repository/javax/annotation/jsr250-api/1.0/jsr250-api-1.0.jar:/Users/dusanpejanovic/.m2/repository/org/eclipse/sisu/org.eclipse.sisu.inject/0.3.2/org.eclipse.sisu.inject-0.3.2.jar:/Users/dusanpejanovic/.m2/repository/org/apache/maven/wagon/wagon-http/3.0.0/wagon-http-3.0.0.jar:/Users/dusanpejanovic/.m2/repository/org/apache/maven/wagon/wagon-http-shared/3.0.0/wagon-http-shared-3.0.0.jar:/Users/dusanpejanovic/.m2/repository/org/jsoup/jsoup/1.7.2/jsoup-1.7.2.jar:/Users/dusanpejanovic/.m2/repository/org/apache/httpcomponents/httpclient/4.5.14/httpclient-4.5.14.jar:/Users/dusanpejanovic/.m2/repository/commons-io/commons-io/2.6/commons-io-2.6.jar:/Users/dusanpejanovic/.m2/repository/org/slf4j/jcl-over-slf4j/1.7.36/jcl-over-slf4j-1.7.36.jar:/Users/dusanpejanovic/.m2/repository/org/sonatype/plexus/plexus-cipher/1.7/plexus-cipher-1.7.jar:"/>
    <property name="java.vm.vendor" value="Eclipse Adoptium"/>
    <property name="sun.arch.data.model" value="64"/>
    <property name="java.vendor.url" value="https://adoptium.net/"/>
    <property name="user.timezone" value=""/>
    <property name="java.vm.specification.version" value="11"/>
    <property name="os.name" value="Mac OS X"/>
    <property name="sun.java.launcher" value="SUN_STANDARD"/>
    <property name="user.country" value="US"/>
    <property name="sun.boot.library.path" value="/Library/Java/JavaVirtualMachines/temurin-11.jdk/Contents/Home/lib"/>
    <property name="sun.java.command" value="/Users/dusanpejanovic/Documents/GitHub/FootballTacticsRulesBasedExpert/football-tactics/football-tactics-service/target/surefire/surefirebooter14215967954453365226.jar /Users/dusanpejanovic/Documents/GitHub/FootballTacticsRulesBasedExpert/football-tactics/football-tactics-service/target/surefire 2024-05-14T10-52-08_187-jvmRun1 surefire2498438359025465079tmp surefire_014395789594271367101tmp"/>
    <property name="http.nonProxyHosts" value="local|*.local|169.254/16|*.169.254/16"/>
    <property name="jdk.debug" value="release"/>
    <property name="surefire.test.class.path" value="/Users/dusanpejanovic/Documents/GitHub/FootballTacticsRulesBasedExpert/football-tactics/football-tactics-service/target/test-classes:/Users/dusanpejanovic/Documents/GitHub/FootballTacticsRulesBasedExpert/football-tactics/football-tactics-service/target/classes:/Users/dusanpejanovic/.m2/repository/org/springframework/boot/spring-boot-starter-web/2.7.9/spring-boot-starter-web-2.7.9.jar:/Users/dusanpejanovic/.m2/repository/org/springframework/boot/spring-boot-starter/2.7.9/spring-boot-starter-2.7.9.jar:/Users/dusanpejanovic/.m2/repository/org/springframework/boot/spring-boot/2.7.9/spring-boot-2.7.9.jar:/Users/dusanpejanovic/.m2/repository/org/springframework/boot/spring-boot-autoconfigure/2.7.9/spring-boot-autoconfigure-2.7.9.jar:/Users/dusanpejanovic/.m2/repository/org/springframework/boot/spring-boot-starter-logging/2.7.9/spring-boot-starter-logging-2.7.9.jar:/Users/dusanpejanovic/.m2/repository/ch/qos/logback/logback-classic/1.2.11/logback-classic-1.2.11.jar:/Users/dusanpejanovic/.m2/repository/ch/qos/logback/logback-core/1.2.11/logback-core-1.2.11.jar:/Users/dusanpejanovic/.m2/repository/org/apache/logging/log4j/log4j-to-slf4j/2.17.2/log4j-to-slf4j-2.17.2.jar:/Users/dusanpejanovic/.m2/repository/org/apache/logging/log4j/log4j-api/2.17.2/log4j-api-2.17.2.jar:/Users/dusanpejanovic/.m2/repository/org/slf4j/jul-to-slf4j/1.7.36/jul-to-slf4j-1.7.36.jar:/Users/dusanpejanovic/.m2/repository/jakarta/annotation/jakarta.annotation-api/1.3.5/jakarta.annotation-api-1.3.5.jar:/Users/dusanpejanovic/.m2/repository/org/yaml/snakeyaml/1.30/snakeyaml-1.30.jar:/Users/dusanpejanovic/.m2/repository/org/springframework/boot/spring-boot-starter-json/2.7.9/spring-boot-starter-json-2.7.9.jar:/Users/dusanpejanovic/.m2/repository/com/fasterxml/jackson/core/jackson-databind/2.13.5/jackson-databind-2.13.5.jar:/Users/dusanpejanovic/.m2/repository/com/fasterxml/jackson/core/jackson-annotations/2.13.5/jackson-annotations-2.13.5.jar:/Users/dusanpejanovic/.m2/repository/com/fasterxml/jackson/core/jackson-core/2.13.5/jackson-core-2.13.5.jar:/Users/dusanpejanovic/.m2/repository/com/fasterxml/jackson/datatype/jackson-datatype-jdk8/2.13.5/jackson-datatype-jdk8-2.13.5.jar:/Users/dusanpejanovic/.m2/repository/com/fasterxml/jackson/datatype/jackson-datatype-jsr310/2.13.5/jackson-datatype-jsr310-2.13.5.jar:/Users/dusanpejanovic/.m2/repository/com/fasterxml/jackson/module/jackson-module-parameter-names/2.13.5/jackson-module-parameter-names-2.13.5.jar:/Users/dusanpejanovic/.m2/repository/org/springframework/boot/spring-boot-starter-tomcat/2.7.9/spring-boot-starter-tomcat-2.7.9.jar:/Users/dusanpejanovic/.m2/repository/org/apache/tomcat/embed/tomcat-embed-core/9.0.71/tomcat-embed-core-9.0.71.jar:/Users/dusanpejanovic/.m2/repository/org/apache/tomcat/embed/tomcat-embed-el/9.0.71/tomcat-embed-el-9.0.71.jar:/Users/dusanpejanovic/.m2/repository/org/apache/tomcat/embed/tomcat-embed-websocket/9.0.71/tomcat-embed-websocket-9.0.71.jar:/Users/dusanpejanovic/.m2/repository/org/springframework/spring-web/5.3.25/spring-web-5.3.25.jar:/Users/dusanpejanovic/.m2/repository/org/springframework/spring-beans/5.3.25/spring-beans-5.3.25.jar:/Users/dusanpejanovic/.m2/repository/org/springframework/spring-webmvc/5.3.25/spring-webmvc-5.3.25.jar:/Users/dusanpejanovic/.m2/repository/org/springframework/spring-aop/5.3.25/spring-aop-5.3.25.jar:/Users/dusanpejanovic/.m2/repository/org/springframework/spring-context/5.3.25/spring-context-5.3.25.jar:/Users/dusanpejanovic/.m2/repository/org/springframework/spring-expression/5.3.25/spring-expression-5.3.25.jar:/Users/dusanpejanovic/.m2/repository/org/springframework/boot/spring-boot-starter-test/2.7.9/spring-boot-starter-test-2.7.9.jar:/Users/dusanpejanovic/.m2/repository/org/springframework/boot/spring-boot-test/2.7.9/spring-boot-test-2.7.9.jar:/Users/dusanpejanovic/.m2/repository/org/springframework/boot/spring-boot-test-autoconfigure/2.7.9/spring-boot-test-autoconfigure-2.7.9.jar:/Users/dusanpejanovic/.m2/repository/com/jayway/jsonpath/json-path/2.7.0/json-path-2.7.0.jar:/Users/dusanpejanovic/.m2/repository/net/minidev/json-smart/2.4.8/json-smart-2.4.8.jar:/Users/dusanpejanovic/.m2/repository/net/minidev/accessors-smart/2.4.8/accessors-smart-2.4.8.jar:/Users/dusanpejanovic/.m2/repository/org/ow2/asm/asm/9.1/asm-9.1.jar:/Users/dusanpejanovic/.m2/repository/org/slf4j/slf4j-api/1.7.36/slf4j-api-1.7.36.jar:/Users/dusanpejanovic/.m2/repository/jakarta/xml/bind/jakarta.xml.bind-api/2.3.3/jakarta.xml.bind-api-2.3.3.jar:/Users/dusanpejanovic/.m2/repository/jakarta/activation/jakarta.activation-api/1.2.2/jakarta.activation-api-1.2.2.jar:/Users/dusanpejanovic/.m2/repository/org/assertj/assertj-core/3.22.0/assertj-core-3.22.0.jar:/Users/dusanpejanovic/.m2/repository/org/hamcrest/hamcrest/2.2/hamcrest-2.2.jar:/Users/dusanpejanovic/.m2/repository/org/junit/jupiter/junit-jupiter/5.8.2/junit-jupiter-5.8.2.jar:/Users/dusanpejanovic/.m2/repository/org/junit/jupiter/junit-jupiter-api/5.8.2/junit-jupiter-api-5.8.2.jar:/Users/dusanpejanovic/.m2/repository/org/opentest4j/opentest4j/1.2.0/opentest4j-1.2.0.jar:/Users/dusanpejanovic/.m2/repository/org/junit/platform/junit-platform-commons/1.8.2/junit-platform-commons-1.8.2.jar:/Users/dusanpejanovic/.m2/repository/org/apiguardian/apiguardian-api/1.1.2/apiguardian-api-1.1.2.jar:/Users/dusanpejanovic/.m2/repository/org/junit/jupiter/junit-jupiter-params/5.8.2/junit-jupiter-params-5.8.2.jar:/Users/dusanpejanovic/.m2/repository/org/junit/jupiter/junit-jupiter-engine/5.8.2/junit-jupiter-engine-5.8.2.jar:/Users/dusanpejanovic/.m2/repository/org/junit/platform/junit-platform-engine/1.8.2/junit-platform-engine-1.8.2.jar:/Users/dusanpejanovic/.m2/repository/org/mockito/mockito-core/4.5.1/mockito-core-4.5.1.jar:/Users/dusanpejanovic/.m2/repository/net/bytebuddy/byte-buddy/1.12.23/byte-buddy-1.12.23.jar:/Users/dusanpejanovic/.m2/repository/net/bytebuddy/byte-buddy-agent/1.12.23/byte-buddy-agent-1.12.23.jar:/Users/dusanpejanovic/.m2/repository/org/objenesis/objenesis/3.2/objenesis-3.2.jar:/Users/dusanpejanovic/.m2/repository/org/mockito/mockito-junit-jupiter/4.5.1/mockito-junit-jupiter-4.5.1.jar:/Users/dusanpejanovic/.m2/repository/org/skyscreamer/jsonassert/1.5.1/jsonassert-1.5.1.jar:/Users/dusanpejanovic/.m2/repository/com/vaadin/external/google/android-json/0.0.20131108.vaadin1/android-json-0.0.20131108.vaadin1.jar:/Users/dusanpejanovic/.m2/repository/org/springframework/spring-core/5.3.25/spring-core-5.3.25.jar:/Users/dusanpejanovic/.m2/repository/org/springframework/spring-jcl/5.3.25/spring-jcl-5.3.25.jar:/Users/dusanpejanovic/.m2/repository/org/springframework/spring-test/5.3.25/spring-test-5.3.25.jar:/Users/dusanpejanovic/.m2/repository/org/xmlunit/xmlunit-core/2.9.1/xmlunit-core-2.9.1.jar:/Users/dusanpejanovic/.m2/repository/org/springframework/boot/spring-boot-starter-actuator/2.7.9/spring-boot-starter-actuator-2.7.9.jar:/Users/dusanpejanovic/.m2/repository/org/springframework/boot/spring-boot-actuator-autoconfigure/2.7.9/spring-boot-actuator-autoconfigure-2.7.9.jar:/Users/dusanpejanovic/.m2/repository/org/springframework/boot/spring-boot-actuator/2.7.9/spring-boot-actuator-2.7.9.jar:/Users/dusanpejanovic/.m2/repository/io/micrometer/micrometer-core/1.9.8/micrometer-core-1.9.8.jar:/Users/dusanpejanovic/.m2/repository/org/hdrhistogram/HdrHistogram/2.1.12/HdrHistogram-2.1.12.jar:/Users/dusanpejanovic/.m2/repository/org/latencyutils/LatencyUtils/2.0.3/LatencyUtils-2.0.3.jar:/Users/dusanpejanovic/.m2/repository/com/ftn/sbnz/football-tactics-model/0.0.1-SNAPSHOT/football-tactics-model-0.0.1-SNAPSHOT.jar:/Users/dusanpejanovic/.m2/repository/org/kie/kie-api/7.49.0.Final/kie-api-7.49.0.Final.jar:/Users/dusanpejanovic/.m2/repository/org/kie/soup/kie-soup-maven-support/7.49.0.Final/kie-soup-maven-support-7.49.0.Final.jar:/Users/dusanpejanovic/.m2/repository/org/drools/drools-core/7.49.0.Final/drools-core-7.49.0.Final.jar:/Users/dusanpejanovic/.m2/repository/org/kie/kie-internal/7.49.0.Final/kie-internal-7.49.0.Final.jar:/Users/dusanpejanovic/.m2/repository/org/kie/soup/kie-soup-xstream/7.49.0.Final/kie-soup-xstream-7.49.0.Final.jar:/Users/dusanpejanovic/.m2/repository/org/drools/drools-core-reflective/7.49.0.Final/drools-core-reflective-7.49.0.Final.jar:/Users/dusanpejanovic/.m2/repository/org/drools/drools-core-dynamic/7.49.0.Final/drools-core-dynamic-7.49.0.Final.jar:/Users/dusanpejanovic/.m2/repository/commons-codec/commons-codec/1.15/commons-codec-1.15.jar:/Users/dusanpejanovic/.m2/repository/org/drools/drools-compiler/7.49.0.Final/drools-compiler-7.49.0.Final.jar:/Users/dusanpejanovic/.m2/repository/org/kie/kie-memory-compiler/7.49.0.Final/kie-memory-compiler-7.49.0.Final.jar:/Users/dusanpejanovic/.m2/repository/org/drools/drools-ecj/7.49.0.Final/drools-ecj-7.49.0.Final.jar:/Users/dusanpejanovic/.m2/repository/org/antlr/antlr-runtime/3.5.2/antlr-runtime-3.5.2.jar:/Users/dusanpejanovic/.m2/repository/com/thoughtworks/xstream/xstream/1.4.15/xstream-1.4.15.jar:/Users/dusanpejanovic/.m2/repository/xmlpull/xmlpull/1.1.3.1/xmlpull-1.1.3.1.jar:/Users/dusanpejanovic/.m2/repository/xpp3/xpp3_min/1.1.4c/xpp3_min-1.1.4c.jar:/Users/dusanpejanovic/.m2/repository/org/drools/drools-templates/7.49.0.Final/drools-templates-7.49.0.Final.jar:/Users/dusanpejanovic/.m2/repository/org/drools/drools-mvel/7.49.0.Final/drools-mvel-7.49.0.Final.jar:/Users/dusanpejanovic/.m2/repository/org/kie/soup/kie-soup-project-datamodel-commons/7.49.0.Final/kie-soup-project-datamodel-commons-7.49.0.Final.jar:/Users/dusanpejanovic/.m2/repository/org/kie/soup/kie-soup-commons/7.49.0.Final/kie-soup-commons-7.49.0.Final.jar:/Users/dusanpejanovic/.m2/repository/org/kie/soup/kie-soup-project-datamodel-api/7.49.0.Final/kie-soup-project-datamodel-api-7.49.0.Final.jar:/Users/dusanpejanovic/.m2/repository/org/mvel/mvel2/2.4.12.Final/mvel2-2.4.12.Final.jar:/Users/dusanpejanovic/.m2/repository/com/ftn/sbnz/football-tactics-kjar/0.0.1-SNAPSHOT/football-tactics-kjar-0.0.1-SNAPSHOT.jar:/Users/dusanpejanovic/.m2/repository/org/kie/kie-ci/7.49.0.Final/kie-ci-7.49.0.Final.jar:/Users/dusanpejanovic/.m2/repository/org/drools/drools-serialization-protobuf/7.49.0.Final/drools-serialization-protobuf-7.49.0.Final.jar:/Users/dusanpejanovic/.m2/repository/com/google/protobuf/protobuf-java/3.6.1/protobuf-java-3.6.1.jar:/Users/dusanpejanovic/.m2/repository/org/kie/soup/kie-soup-maven-integration/7.49.0.Final/kie-soup-maven-integration-7.49.0.Final.jar:/Users/dusanpejanovic/.m2/repository/org/apache/maven/maven-artifact/3.3.9/maven-artifact-3.3.9.jar:/Users/dusanpejanovic/.m2/repository/org/apache/maven/maven-plugin-api/3.3.9/maven-plugin-api-3.3.9.jar:/Users/dusanpejanovic/.m2/repository/org/eclipse/aether/aether-util/1.1.0/aether-util-1.1.0.jar:/Users/dusanpejanovic/.m2/repository/org/eclipse/aether/aether-spi/1.1.0/aether-spi-1.1.0.jar:/Users/dusanpejanovic/.m2/repository/org/eclipse/aether/aether-transport-file/1.1.0/aether-transport-file-1.1.0.jar:/Users/dusanpejanovic/.m2/repository/org/eclipse/aether/aether-transport-http/1.1.0/aether-transport-http-1.1.0.jar:/Users/dusanpejanovic/.m2/repository/org/apache/ant/ant/1.9.15/ant-1.9.15.jar:/Users/dusanpejanovic/.m2/repository/org/apache/ant/ant-launcher/1.9.15/ant-launcher-1.9.15.jar:/Users/dusanpejanovic/.m2/repository/org/apache/httpcomponents/httpcore/4.4.16/httpcore-4.4.16.jar:/Users/dusanpejanovic/.m2/repository/com/google/inject/guice/4.0/guice-4.0-no_aop.jar:/Users/dusanpejanovic/.m2/repository/javax/inject/javax.inject/1/javax.inject-1.jar:/Users/dusanpejanovic/.m2/repository/aopalliance/aopalliance/1.0/aopalliance-1.0.jar:/Users/dusanpejanovic/.m2/repository/org/apache/maven/maven-core/3.3.9/maven-core-3.3.9.jar:/Users/dusanpejanovic/.m2/repository/org/apache/maven/maven-repository-metadata/3.3.9/maven-repository-metadata-3.3.9.jar:/Users/dusanpejanovic/.m2/repository/org/codehaus/plexus/plexus-interpolation/1.21/plexus-interpolation-1.21.jar:/Users/dusanpejanovic/.m2/repository/org/codehaus/plexus/plexus-component-annotations/1.6/plexus-component-annotations-1.6.jar:/Users/dusanpejanovic/.m2/repository/org/apache/commons/commons-lang3/3.12.0/commons-lang3-3.12.0.jar:/Users/dusanpejanovic/.m2/repository/org/apache/maven/maven-model/3.3.9/maven-model-3.3.9.jar:/Users/dusanpejanovic/.m2/repository/org/apache/maven/maven-model-builder/3.3.9/maven-model-builder-3.3.9.jar:/Users/dusanpejanovic/.m2/repository/org/apache/maven/maven-builder-support/3.3.9/maven-builder-support-3.3.9.jar:/Users/dusanpejanovic/.m2/repository/com/google/guava/guava/18.0/guava-18.0.jar:/Users/dusanpejanovic/.m2/repository/org/apache/maven/maven-settings/3.3.9/maven-settings-3.3.9.jar:/Users/dusanpejanovic/.m2/repository/org/apache/maven/maven-settings-builder/3.3.9/maven-settings-builder-3.3.9.jar:/Users/dusanpejanovic/.m2/repository/org/apache/maven/maven-compat/3.3.9/maven-compat-3.3.9.jar:/Users/dusanpejanovic/.m2/repository/org/apache/maven/maven-aether-provider/3.3.9/maven-aether-provider-3.3.9.jar:/Users/dusanpejanovic/.m2/repository/org/apache/maven/wagon/wagon-provider-api/3.0.0/wagon-provider-api-3.0.0.jar:/Users/dusanpejanovic/.m2/repository/org/sonatype/plexus/plexus-sec-dispatcher/1.3/plexus-sec-dispatcher-1.3.jar:/Users/dusanpejanovic/.m2/repository/org/codehaus/plexus/plexus-classworlds/2.5.2/plexus-classworlds-2.5.2.jar:/Users/dusanpejanovic/.m2/repository/org/codehaus/plexus/plexus-utils/3.0.22/plexus-utils-3.0.22.jar:/Users/dusanpejanovic/.m2/repository/org/eclipse/aether/aether-api/1.1.0/aether-api-1.1.0.jar:/Users/dusanpejanovic/.m2/repository/org/eclipse/aether/aether-impl/1.1.0/aether-impl-1.1.0.jar:/Users/dusanpejanovic/.m2/repository/org/eclipse/aether/aether-connector-basic/1.1.0/aether-connector-basic-1.1.0.jar:/Users/dusanpejanovic/.m2/repository/org/eclipse/aether/aether-transport-wagon/1.1.0/aether-transport-wagon-1.1.0.jar:/Users/dusanpejanovic/.m2/repository/org/eclipse/sisu/org.eclipse.sisu.plexus/0.3.2/org.eclipse.sisu.plexus-0.3.2.jar:/Users/dusanpejanovic/.m2/repository/javax/enterprise/cdi-api/1.0/cdi-api-1.0.jar:/Users/dusanpejanovic/.m2/repository/javax/annotation/jsr250-api/1.0/jsr250-api-1.0.jar:/Users/dusanpejanovic/.m2/repository/org/eclipse/sisu/org.eclipse.sisu.inject/0.3.2/org.eclipse.sisu.inject-0.3.2.jar:/Users/dusanpejanovic/.m2/repository/org/apache/maven/wagon/wagon-http/3.0.0/wagon-http-3.0.0.jar:/Users/dusanpejanovic/.m2/repository/org/apache/maven/wagon/wagon-http-shared/3.0.0/wagon-http-shared-3.0.0.jar:/Users/dusanpejanovic/.m2/repository/org/jsoup/jsoup/1.7.2/jsoup-1.7.2.jar:/Users/dusanpejanovic/.m2/repository/org/apache/httpcomponents/httpclient/4.5.14/httpclient-4.5.14.jar:/Users/dusanpejanovic/.m2/repository/commons-io/commons-io/2.6/commons-io-2.6.jar:/Users/dusanpejanovic/.m2/repository/org/slf4j/jcl-over-slf4j/1.7.36/jcl-over-slf4j-1.7.36.jar:/Users/dusanpejanovic/.m2/repository/org/sonatype/plexus/plexus-cipher/1.7/plexus-cipher-1.7.jar:"/>
    <property name="sun.cpu.endian" value="little"/>
    <property name="user.home" value="/Users/dusanpejanovic"/>
    <property name="user.language" value="en"/>
    <property name="java.specification.vendor" value="Oracle Corporation"/>
    <property name="java.version.date" value="2024-04-16"/>
    <property name="java.home" value="/Library/Java/JavaVirtualMachines/temurin-11.jdk/Contents/Home"/>
    <property name="file.separator" value="/"/>
    <property name="basedir" value="/Users/dusanpejanovic/Documents/GitHub/FootballTacticsRulesBasedExpert/football-tactics/football-tactics-service"/>
    <property name="java.vm.compressedOopsMode" value="Zero based"/>
    <property name="line.separator" value="&#10;"/>
    <property name="java.specification.name" value="Java Platform API Specification"/>
    <property name="java.vm.specification.vendor" value="Oracle Corporation"/>
    <property name="java.awt.graphicsenv" value="sun.awt.CGraphicsEnvironment"/>
    <property name="surefire.real.class.path" value="/Users/dusanpejanovic/Documents/GitHub/FootballTacticsRulesBasedExpert/football-tactics/football-tactics-service/target/surefire/surefirebooter14215967954453365226.jar"/>
    <property name="sun.management.compiler" value="HotSpot 64-Bit Tiered Compilers"/>
    <property name="ftp.nonProxyHosts" value="local|*.local|169.254/16|*.169.254/16"/>
    <property name="java.runtime.version" value="11.0.23+9"/>
    <property name="user.name" value="dusanpejanovic"/>
    <property name="path.separator" value=":"/>
    <property name="os.version" value="14.1.1"/>
    <property name="java.runtime.name" value="OpenJDK Runtime Environment"/>
    <property name="file.encoding" value="UTF-8"/>
    <property name="java.vm.name" value="OpenJDK 64-Bit Server VM"/>
    <property name="java.vendor.version" value="Temurin-11.0.23+9"/>
    <property name="localRepository" value="/Users/dusanpejanovic/.m2/repository"/>
    <property name="java.vendor.url.bug" value="https://github.com/adoptium/adoptium-support/issues"/>
    <property name="java.io.tmpdir" value="/var/folders/96/dm8qdv5950nbyv676c1wt4tw0000gn/T/"/>
    <property name="java.version" value="11.0.23"/>
    <property name="user.dir" value="/Users/dusanpejanovic/Documents/GitHub/FootballTacticsRulesBasedExpert/football-tactics/football-tactics-service"/>
    <property name="os.arch" value="aarch64"/>
    <property name="java.vm.specification.name" value="Java Virtual Machine Specification"/>
    <property name="java.awt.printerjob" value="sun.lwawt.macosx.CPrinterJob"/>
    <property name="sun.os.patch.level" value="unknown"/>
    <property name="java.library.path" value="/Users/dusanpejanovic/Library/Java/Extensions:/Library/Java/Extensions:/Network/Library/Java/Extensions:/System/Library/Java/Extensions:/usr/lib/java:."/>
    <property name="java.vm.info" value="mixed mode"/>
    <property name="java.vendor" value="Eclipse Adoptium"/>
    <property name="java.vm.version" value="11.0.23+9"/>
    <property name="java.specification.maintenance.version" value="2"/>
    <property name="sun.io.unicode.encoding" value="UnicodeBig"/>
    <property name="java.class.version" value="55.0"/>
    <property name="socksNonProxyHosts" value="local|*.local|169.254/16|*.169.254/16"/>
  </properties>
  <testcase name="contextLoads" classname="com.service.BackwardServiceApplicationTests" time="0.246"/>
</testsuite>